<?xml version="1.0" encoding="UTF-8"?>
<testsuite name="VowelRemoverTest" tests="3" skipped="0" failures="0" errors="0" timestamp="2016-04-22T23:51:02" hostname="Thes-iMac.local" time="0.001">
  <properties/>
  <testcase name="vowelRemover_oneSentenceReplacesVowelsWithHyphens_SentenceWithoutVowels" classname="VowelRemoverTest" time="0.0"/>
  <testcase name="vowelRemover_oneVowelConvertsToHyphen_Hyphen" classname="VowelRemoverTest" time="0.001"/>
  <testcase name="vowelRemover_oneWordReplacesVowelsWithHyphens_WordWithoutVowels" classname="VowelRemoverTest" time="0.0"/>
  <system-out><![CDATA[]]></system-out>
  <system-err><![CDATA[]]></system-err>
</testsuite>
